android/app/build/intermediates/manifest_merge_blame_file/debug/processDebugMainManifest/manifest-merger-blame-debug-report.txt
1<?xml version="1.0" encoding="utf-8"?>
2<manifest xmlns:android="http://schemas.android.com/apk/res/android"
3    package="com.studyai.automation"
4    android:versionCode="1"
5    android:versionName="1.0" >
6
7    <uses-sdk
8        android:minSdkVersion="24"
9        android:targetSdkVersion="36" />
10
11    <permission
11-->[androidx.core:core:1.17.0] AndroidManifest.xml:22:5-24:47
12        android:name="com.studyai.automation.DYNAMIC_RECEIVER_NOT_EXPORTED_PERMISSION"
12-->[androidx.core:core:1.17.0] AndroidManifest.xml:23:9-81
13        android:protectionLevel="signature" />
13-->[androidx.core:core:1.17.0] AndroidManifest.xml:24:9-44
14
15    <uses-permission android:name="com.studyai.automation.DYNAMIC_RECEIVER_NOT_EXPORTED_PERMISSION" />
15-->[androidx.core:core:1.17.0] AndroidManifest.xml:26:5-97
15-->[androidx.core:core:1.17.0] AndroidManifest.xml:26:22-94
16
17    <application
17-->src/main/AndroidManifest.xml:2:5-13:19
18        android:allowBackup="true"
18-->src/main/AndroidManifest.xml:2:18-44
19        android:appComponentFactory="androidx.core.app.CoreComponentFactory"
19-->[androidx.core:core:1.17.0] AndroidManifest.xml:28:18-86
20        android:debuggable="true"
21        android:extractNativeLibs="false"
22        android:label="@string/app_name"
22-->src/main/AndroidManifest.xml:2:45-77
23        android:theme="@style/AppTheme" >
23-->src/main/AndroidManifest.xml:2:78-109
24        <activity
24-->src/main/AndroidManifest.xml:3:9-8:20
25            android:name="com.studyai.automation.MainActivity"
25-->src/main/AndroidManifest.xml:3:19-47
26            android:exported="true" >
26-->src/main/AndroidManifest.xml:3:48-71
27            <intent-filter>
27-->src/main/AndroidManifest.xml:4:13-7:29
28                <action android:name="android.intent.action.MAIN" />
28-->src/main/AndroidManifest.xml:5:17-69
28-->src/main/AndroidManifest.xml:5:25-66
29
30                <category android:name="android.intent.category.LAUNCHER" />
30-->src/main/AndroidManifest.xml:6:17-77
30-->src/main/AndroidManifest.xml:6:27-74
31            </intent-filter>
32        </activity>
33
34        <service
34-->src/main/AndroidManifest.xml:9:9-12:19
35            android:name="com.studyai.automation.NotificationListenerService"
35-->src/main/AndroidManifest.xml:9:18-61
36            android:exported="true"
36-->src/main/AndroidManifest.xml:9:189-212
37            android:label="@string/notification_listener_label"
37-->src/main/AndroidManifest.xml:9:62-113
38            android:permission="android.permission.BIND_NOTIFICATION_LISTENER_SERVICE" >
38-->src/main/AndroidManifest.xml:9:114-188
39            <intent-filter>
39-->src/main/AndroidManifest.xml:10:13-126
40                <action android:name="android.service.notification.NotificationListenerService" />
40-->src/main/AndroidManifest.xml:10:28-110
40-->src/main/AndroidManifest.xml:10:36-107
41            </intent-filter>
42
43            <meta-data
43-->src/main/AndroidManifest.xml:11:13-124
44                android:name="android.service.notification"
44-->src/main/AndroidManifest.xml:11:24-67
45                android:resource="@xml/notification_listener_service" />
45-->src/main/AndroidManifest.xml:11:68-121
46        </service>
47
48        <provider
48-->[androidx.emoji2:emoji2:1.3.0] AndroidManifest.xml:24:9-32:20
49            android:name="androidx.startup.InitializationProvider"
49-->[androidx.emoji2:emoji2:1.3.0] AndroidManifest.xml:25:13-67
50            android:authorities="com.studyai.automation.androidx-startup"
50-->[androidx.emoji2:emoji2:1.3.0] AndroidManifest.xml:26:13-68
51            android:exported="false" >
51-->[androidx.emoji2:emoji2:1.3.0] AndroidManifest.xml:27:13-37
52            <meta-data
52-->[androidx.emoji2:emoji2:1.3.0] AndroidManifest.xml:29:13-31:52
53                android:name="androidx.emoji2.text.EmojiCompatInitializer"
53-->[androidx.emoji2:emoji2:1.3.0] AndroidManifest.xml:30:17-75
54                android:value="androidx.startup" />
54-->[androidx.emoji2:emoji2:1.3.0] AndroidManifest.xml:31:17-49
55            <meta-data
55-->[androidx.lifecycle:lifecycle-process:2.6.2] AndroidManifest.xml:29:13-31:52
56                android:name="androidx.lifecycle.ProcessLifecycleInitializer"
56-->[androidx.lifecycle:lifecycle-process:2.6.2] AndroidManifest.xml:30:17-78
57                android:value="androidx.startup" />
57-->[androidx.lifecycle:lifecycle-process:2.6.2] AndroidManifest.xml:31:17-49
58            <meta-data
58-->[androidx.profileinstaller:profileinstaller:1.4.0] AndroidManifest.xml:29:13-31:52
59                android:name="androidx.profileinstaller.ProfileInstallerInitializer"
59-->[androidx.profileinstaller:profileinstaller:1.4.0] AndroidManifest.xml:30:17-85
60                android:value="androidx.startup" />
60-->[androidx.profileinstaller:profileinstaller:1.4.0] AndroidManifest.xml:31:17-49
61        </provider>
62
63        <receiver
63-->[androidx.profileinstaller:profileinstaller:1.4.0] AndroidManifest.xml:34:9-52:20
64            android:name="androidx.profileinstaller.ProfileInstallReceiver"
64-->[androidx.profileinstaller:profileinstaller:1.4.0] AndroidManifest.xml:35:13-76
65            android:directBootAware="false"
65-->[androidx.profileinstaller:profileinstaller:1.4.0] AndroidManifest.xml:36:13-44
66            android:enabled="true"
66-->[androidx.profileinstaller:profileinstaller:1.4.0] AndroidManifest.xml:37:13-35
67            android:exported="true"
67-->[androidx.profileinstaller:profileinstaller:1.4.0] AndroidManifest.xml:38:13-36
68            android:permission="android.permission.DUMP" >
68-->[androidx.profileinstaller:profileinstaller:1.4.0] AndroidManifest.xml:39:13-57
69            <intent-filter>
69-->[androidx.profileinstaller:profileinstaller:1.4.0] AndroidManifest.xml:40:13-42:29
70                <action android:name="androidx.profileinstaller.action.INSTALL_PROFILE" />
70-->[androidx.profileinstaller:profileinstaller:1.4.0] AndroidManifest.xml:41:17-91
70-->[androidx.profileinstaller:profileinstaller:1.4.0] AndroidManifest.xml:41:25-88
71            </intent-filter>
72            <intent-filter>
72-->[androidx.profileinstaller:profileinstaller:1.4.0] AndroidManifest.xml:43:13-45:29
73                <action android:name="androidx.profileinstaller.action.SKIP_FILE" />
73-->[androidx.profileinstaller:profileinstaller:1.4.0] AndroidManifest.xml:44:17-85
73-->[androidx.profileinstaller:profileinstaller:1.4.0] AndroidManifest.xml:44:25-82
74            </intent-filter>
75            <intent-filter>
75-->[androidx.profileinstaller:profileinstaller:1.4.0] AndroidManifest.xml:46:13-48:29
76                <action android:name="androidx.profileinstaller.action.SAVE_PROFILE" />
76-->[androidx.profileinstaller:profileinstaller:1.4.0] AndroidManifest.xml:47:17-88
76-->[androidx.profileinstaller:profileinstaller:1.4.0] AndroidManifest.xml:47:25-85
77            </intent-filter>
78            <intent-filter>
78-->[androidx.profileinstaller:profileinstaller:1.4.0] AndroidManifest.xml:49:13-51:29
79                <action android:name="androidx.profileinstaller.action.BENCHMARK_OPERATION" />
79-->[androidx.profileinstaller:profileinstaller:1.4.0] AndroidManifest.xml:50:17-95
79-->[androidx.profileinstaller:profileinstaller:1.4.0] AndroidManifest.xml:50:25-92
80            </intent-filter>
81        </receiver>
82    </application>
83
84</manifest>